\BOOKMARK [1][-]{section.1}{Introduction}{}% 1
\BOOKMARK [2][-]{subsection.1.1}{Purpose of Document}{section.1}% 2
\BOOKMARK [2][-]{subsection.1.2}{Overview of Document}{section.1}% 3
\BOOKMARK [2][-]{subsection.1.3}{Overview of Payload}{section.1}% 4
\BOOKMARK [2][-]{subsection.1.4}{Mission Success Criteria}{section.1}% 5
\BOOKMARK [3][-]{subsubsection.1.4.1}{Minimum Mission Success Criteria}{subsection.1.4}% 6
\BOOKMARK [3][-]{subsubsection.1.4.2}{Maximum Mission Success Criteria}{subsection.1.4}% 7
\BOOKMARK [2][-]{subsection.1.5}{Requirements Apportioning}{section.1}% 8
\BOOKMARK [3][-]{subsubsection.1.5.1}{Priority 1}{subsection.1.5}% 9
\BOOKMARK [3][-]{subsubsection.1.5.2}{Priority 2}{subsection.1.5}% 10
\BOOKMARK [3][-]{subsubsection.1.5.3}{Priority 3}{subsection.1.5}% 11
\BOOKMARK [1][-]{section.2}{Functional Requirements}{}% 12
\BOOKMARK [2][-]{subsection.2.1}{Main Behavior}{section.2}% 13
\BOOKMARK [2][-]{subsection.2.2}{Target Generation}{section.2}% 14
\BOOKMARK [2][-]{subsection.2.3}{Movement}{section.2}% 15
\BOOKMARK [2][-]{subsection.2.4}{Modes}{section.2}% 16
\BOOKMARK [3][-]{subsubsection.2.4.1}{Launch}{subsection.2.4}% 17
\BOOKMARK [3][-]{subsubsection.2.4.2}{Deployment}{subsection.2.4}% 18
\BOOKMARK [3][-]{subsubsection.2.4.3}{Science}{subsection.2.4}% 19
\BOOKMARK [3][-]{subsubsection.2.4.4}{Safety}{subsection.2.4}% 20
\BOOKMARK [3][-]{subsubsection.2.4.5}{Observation}{subsection.2.4}% 21
\BOOKMARK [3][-]{subsubsection.2.4.6}{Off}{subsection.2.4}% 22
\BOOKMARK [2][-]{subsection.2.5}{Telemetry}{section.2}% 23
\BOOKMARK [1][-]{section.3}{Non Functional Requirements}{}% 24
\BOOKMARK [2][-]{subsection.3.1}{Performance}{section.3}% 25
\BOOKMARK [2][-]{subsection.3.2}{Security}{section.3}% 26
\BOOKMARK [2][-]{subsection.3.3}{Telemetry}{section.3}% 27
