\BOOKMARK [1][-]{section.1}{Introduction}{}% 1
\BOOKMARK [2][-]{subsection.1.1}{Document Overview}{section.1}% 2
\BOOKMARK [1][-]{section.2}{Technologies}{}% 3
\BOOKMARK [2][-]{subsection.2.1}{Tech 1}{section.2}% 4
\BOOKMARK [2][-]{subsection.2.2}{Tech 2}{section.2}% 5
\BOOKMARK [2][-]{subsection.2.3}{Tech 3}{section.2}% 6
\BOOKMARK [2][-]{subsection.2.4}{Tech 4}{section.2}% 7
\BOOKMARK [2][-]{subsection.2.5}{Tech 5}{section.2}% 8
\BOOKMARK [2][-]{subsection.2.6}{Tech 6}{section.2}% 9
\BOOKMARK [2][-]{subsection.2.7}{Telemetry}{section.2}% 10
\BOOKMARK [2][-]{subsection.2.8}{Video Handling}{section.2}% 11
\BOOKMARK [2][-]{subsection.2.9}{Data Visualization}{section.2}% 12
\BOOKMARK [1][-]{section.3}{Conclusion}{}% 13
\BOOKMARK [1][-]{section.4}{Glossary}{}% 14
\BOOKMARK [1][-]{section.5}{Appendix}{}% 15
\BOOKMARK [2][-]{subsection.5.1}{Mission Patch}{section.5}% 16
\BOOKMARK [2][-]{subsection.5.2}{Project Overview}{section.5}% 17
\BOOKMARK [3][-]{subsubsection.5.2.1}{Project Phases}{subsection.5.2}% 18
\BOOKMARK [2][-]{subsection.5.3}{Software State Diagram}{section.5}% 19
\BOOKMARK [2][-]{subsection.5.4}{Payload Modes of Operation}{section.5}% 20
\BOOKMARK [2][-]{subsection.5.5}{Model of Payload Hardware}{section.5}% 21
\BOOKMARK [2][-]{subsection.5.6}{Payload Wiring Diagram}{section.5}% 22
\BOOKMARK [2][-]{subsection.5.7}{References}{section.5}% 23
